#! /usr/local/bin/vvp
:ivl_version "13.0 (devel)";
:ivl_delay_selection "TYPICAL";
:vpi_time_precision + 0;
:vpi_module "/usr/local/lib/ivl/system.vpi";
:vpi_module "/usr/local/lib/ivl/vhdl_sys.vpi";
:vpi_module "/usr/local/lib/ivl/vhdl_textio.vpi";
:vpi_module "/usr/local/lib/ivl/v2005_math.vpi";
:vpi_module "/usr/local/lib/ivl/va_math.vpi";
:vpi_module "/usr/local/lib/ivl/v2009.vpi";
S_0x562d1d197de0 .scope package, "$unit" "$unit" 2 1;
 .timescale 0 0;
S_0x562d1d1979a0 .scope module, "new_alu" "new_alu" 3 584;
 .timescale 0 0;
    .port_info 0 /INPUT 4 "i_op";
    .port_info 1 /INPUT 8 "i_arg_A";
    .port_info 2 /INPUT 8 "i_arg_B";
    .port_info 3 /INPUT 1 "i_clk";
    .port_info 4 /INPUT 1 "i_reset";
    .port_info 5 /OUTPUT 8 "o_result";
    .port_info 6 /OUTPUT 4 "o_status";
    .port_info 7 /OUTPUT 1 "o_op_rdy";
    .port_info 8 /OUTPUT 1 "o_alu_error";
P_0x562d1d0e7c70 .param/l "K" 0 3 591, +C4<00000000000000000000000000001000>;
P_0x562d1d0e7cb0 .param/l "M" 0 3 590, +C4<00000000000000000000000000001000>;
P_0x562d1d0e7cf0 .param/l "N" 0 3 589, +C4<00000000000000000000000000000100>;
v0x562d1d1b77e0_0 .net "A_add_bit_result", 7 0, v0x562d1d193300_0;  1 drivers
v0x562d1d1b78c0_0 .net "A_add_bit_status", 3 0, v0x562d1d18deb0_0;  1 drivers
v0x562d1d1b7990_0 .net "A_comparison_2_result", 7 0, v0x562d1d1b2e30_0;  1 drivers
v0x562d1d1b7a90_0 .net "A_comparison_2_status", 3 0, v0x562d1d1b2f30_0;  1 drivers
v0x562d1d1b7b60_0 .net "A_sub_and_mul_result", 7 0, v0x562d1d1b60f0_0;  1 drivers
v0x562d1d1b7c50_0 .net "A_sub_and_mul_status", 3 0, v0x562d1d1b61d0_0;  1 drivers
v0x562d1d1b7d20_0 .net "A_u2_to_zm_result", 7 0, v0x562d1d1b6ba0_0;  1 drivers
v0x562d1d1b7df0_0 .net "A_u2_to_zm_status", 3 0, v0x562d1d1b6ca0_0;  1 drivers
v0x562d1d1b7ec0_0 .net "K_absolute_result", 7 0, v0x562d1d15de40_0;  1 drivers
v0x562d1d1b8020_0 .net "K_absolute_status", 3 0, v0x562d1d1321f0_0;  1 drivers
v0x562d1d1b80f0_0 .net "K_comparison_1_result", 7 0, v0x562d1d1b24a0_0;  1 drivers
v0x562d1d1b81c0_0 .net "K_comparison_1_status", 3 0, v0x562d1d1b2580_0;  1 drivers
v0x562d1d1b8290_0 .net "K_division_result", 7 0, v0x562d1d1b39f0_0;  1 drivers
v0x562d1d1b8360_0 .net "K_division_status", 3 0, v0x562d1d1b3ad0_0;  1 drivers
v0x562d1d1b8430_0 .net "K_right_shift_2_result", 7 0, v0x562d1d1b56f0_0;  1 drivers
v0x562d1d1b8500_0 .net "K_right_shift_2_status", 3 0, v0x562d1d1b57d0_0;  1 drivers
v0x562d1d1b85d0_0 .net "M_addition_result", 7 0, v0x562d1d1b1b50_0;  1 drivers
v0x562d1d1b87b0_0 .net "M_addition_status", 3 0, v0x562d1d1b1c40_0;  1 drivers
v0x562d1d1b8880_0 .net "M_division_result", 7 0, v0x562d1d1b44a0_0;  1 drivers
v0x562d1d1b8950_0 .net "M_division_status", 3 0, v0x562d1d1b45a0_0;  1 drivers
v0x562d1d1b8a20_0 .net "M_right_shift_result", 7 0, v0x562d1d1b4d40_0;  1 drivers
v0x562d1d1b8af0_0 .net "M_right_shift_status", 3 0, v0x562d1d1b4e40_0;  1 drivers
v0x562d1d1b8bc0_0 .net "M_zm_to_u2_result", 7 0, v0x562d1d1b73c0_0;  1 drivers
v0x562d1d1b8c90_0 .net "M_zm_to_u2_status", 3 0, v0x562d1d1b74c0_0;  1 drivers
v0x562d1d1b8d60_0 .var "cache_alu_error", 0 0;
v0x562d1d1b8e00_0 .var "cache_op_ready", 0 0;
v0x562d1d1b8ea0_0 .var "finale_cache_result", 7 0;
v0x562d1d1b8f80_0 .var "finale_cache_status", 3 0;
o0x7fcc740b21f8 .functor BUFZ 8, C4<zzzzzzzz>; HiZ drive
v0x562d1d1b9060_0 .net "i_arg_A", 7 0, o0x7fcc740b21f8;  0 drivers
o0x7fcc740b20a8 .functor BUFZ 8, C4<zzzzzzzz>; HiZ drive
v0x562d1d1b9120_0 .net "i_arg_B", 7 0, o0x7fcc740b20a8;  0 drivers
o0x7fcc740b3278 .functor BUFZ 1, C4<z>; HiZ drive
v0x562d1d1b91e0_0 .net "i_clk", 0 0, o0x7fcc740b3278;  0 drivers
o0x7fcc740b32a8 .functor BUFZ 4, C4<zzzz>; HiZ drive
v0x562d1d1b92a0_0 .net "i_op", 3 0, o0x7fcc740b32a8;  0 drivers
o0x7fcc740b32d8 .functor BUFZ 1, C4<z>; HiZ drive
v0x562d1d1b9380_0 .net "i_reset", 0 0, o0x7fcc740b32d8;  0 drivers
v0x562d1d1b9650_0 .var "o_alu_error", 0 0;
v0x562d1d1b9710_0 .var "o_op_rdy", 0 0;
v0x562d1d1b97d0_0 .var "o_result", 7 0;
v0x562d1d1b98b0_0 .var "o_status", 3 0;
E_0x562d1d136480 .event posedge, v0x562d1d1b91e0_0;
E_0x562d1d135ca0/0 .event anyedge, v0x562d1d1b92a0_0, v0x562d1d1b92a0_0, v0x562d1d1b4e40_0, v0x562d1d1b4d40_0;
E_0x562d1d135ca0/1 .event anyedge, v0x562d1d1b1c40_0, v0x562d1d1b1b50_0, v0x562d1d1b45a0_0, v0x562d1d1b44a0_0;
E_0x562d1d135ca0/2 .event anyedge, v0x562d1d1b74c0_0, v0x562d1d1b73c0_0, v0x562d1d1b61d0_0, v0x562d1d1b60f0_0;
E_0x562d1d135ca0/3 .event anyedge, v0x562d1d1b2f30_0, v0x562d1d1b2e30_0, v0x562d1d18deb0_0, v0x562d1d193300_0;
E_0x562d1d135ca0/4 .event anyedge, v0x562d1d1b6ca0_0, v0x562d1d1b6ba0_0, v0x562d1d1321f0_0, v0x562d1d15de40_0;
E_0x562d1d135ca0/5 .event anyedge, v0x562d1d1b2580_0, v0x562d1d1b24a0_0, v0x562d1d1b3ad0_0, v0x562d1d1b39f0_0;
E_0x562d1d135ca0/6 .event anyedge, v0x562d1d1b57d0_0, v0x562d1d1b56f0_0, v0x562d1d1b9380_0, v0x562d1d1b8f80_0;
E_0x562d1d135ca0 .event/or E_0x562d1d135ca0/0, E_0x562d1d135ca0/1, E_0x562d1d135ca0/2, E_0x562d1d135ca0/3, E_0x562d1d135ca0/4, E_0x562d1d135ca0/5, E_0x562d1d135ca0/6;
S_0x562d1d0e6d40 .scope module, "mod_absolute" "absolute" 3 634, 3 163 0, S_0x562d1d1979a0;
 .timescale 0 0;
    .port_info 0 /INPUT 8 "i_arg_B";
    .port_info 1 /OUTPUT 8 "cache_result";
    .port_info 2 /OUTPUT 4 "cache_status";
P_0x562d1d193930 .param/l "K" 0 3 165, +C4<00000000000000000000000000001000>;
P_0x562d1d193970 .param/l "M" 0 3 164, +C4<00000000000000000000000000001000>;
v0x562d1d1584e0_0 .var/i "a", 31 0;
v0x562d1d15de40_0 .var "cache_result", 7 0;
v0x562d1d1321f0_0 .var "cache_status", 3 0;
v0x562d1d181380_0 .net/s "i_arg_B", 7 0, o0x7fcc740b20a8;  alias, 0 drivers
v0x562d1d183080_0 .var/i "x", 31 0;
E_0x562d1d1368c0 .event anyedge, v0x562d1d181380_0;
S_0x562d1d1b0be0 .scope module, "mod_add_bit" "add_bit" 3 631, 3 347 0, S_0x562d1d1979a0;
 .timescale 0 0;
    .port_info 0 /INPUT 8 "i_arg_A";
    .port_info 1 /INPUT 8 "i_arg_B";
    .port_info 2 /OUTPUT 4 "cache_status";
    .port_info 3 /OUTPUT 8 "cache_result";
P_0x562d1d197680 .param/l "K" 0 3 350, +C4<00000000000000000000000000001000>;
P_0x562d1d1976c0 .param/l "M" 0 3 349, +C4<00000000000000000000000000001000>;
v0x562d1d193300_0 .var "cache_result", 7 0;
v0x562d1d18deb0_0 .var "cache_status", 3 0;
v0x562d1d1b0fc0_0 .net "i_arg_A", 7 0, o0x7fcc740b21f8;  alias, 0 drivers
v0x562d1d1b10b0_0 .net "i_arg_B", 7 0, o0x7fcc740b20a8;  alias, 0 drivers
v0x562d1d1b11a0_0 .var/s "s_A", 7 0;
v0x562d1d1b12b0_0 .var/s "s_B", 7 0;
v0x562d1d1b1390_0 .var "sum", 7 0;
E_0x562d1d10afd0 .event anyedge, v0x562d1d1b0fc0_0, v0x562d1d181380_0;
S_0x562d1d1b14f0 .scope module, "mod_addition_1" "addition_1" 3 624, 3 1 0, S_0x562d1d1979a0;
 .timescale 0 0;
    .port_info 0 /INPUT 8 "i_arg_A";
    .port_info 1 /INPUT 8 "i_arg_B";
    .port_info 2 /OUTPUT 4 "cache_status";
    .port_info 3 /OUTPUT 8 "cache_result";
P_0x562d1d1b16d0 .param/l "K" 0 3 3, +C4<00000000000000000000000000001000>;
P_0x562d1d1b1710 .param/l "M" 0 3 2, +C4<00000000000000000000000000001000>;
v0x562d1d1b1970_0 .var "cache", 8 0;
v0x562d1d1b1a70_0 .var "cache_B", 7 0;
v0x562d1d1b1b50_0 .var "cache_result", 7 0;
v0x562d1d1b1c40_0 .var "cache_status", 3 0;
v0x562d1d1b1d20_0 .net "i_arg_A", 7 0, o0x7fcc740b21f8;  alias, 0 drivers
v0x562d1d1b1e30_0 .net "i_arg_B", 7 0, o0x7fcc740b20a8;  alias, 0 drivers
E_0x562d1d1986f0/0 .event anyedge, v0x562d1d181380_0, v0x562d1d1b0fc0_0, v0x562d1d1b1a70_0, v0x562d1d1b0fc0_0;
E_0x562d1d1986f0/1 .event anyedge, v0x562d1d1b1970_0, v0x562d1d1b1970_0, v0x562d1d1b0fc0_0, v0x562d1d1b1a70_0;
E_0x562d1d1986f0/2 .event anyedge, v0x562d1d1b1970_0;
E_0x562d1d1986f0 .event/or E_0x562d1d1986f0/0, E_0x562d1d1986f0/1, E_0x562d1d1986f0/2;
S_0x562d1d1b1fa0 .scope module, "mod_comparison_1" "comparison_1" 3 635, 3 213 0, S_0x562d1d1979a0;
 .timescale 0 0;
    .port_info 0 /INPUT 8 "i_arg_A";
    .port_info 1 /INPUT 8 "i_arg_B";
    .port_info 2 /OUTPUT 8 "cache_result";
    .port_info 3 /OUTPUT 4 "cache_status";
P_0x562d1d1b2180 .param/l "K" 0 3 215, +C4<00000000000000000000000000001000>;
P_0x562d1d1b21c0 .param/l "M" 0 3 214, +C4<00000000000000000000000000001000>;
v0x562d1d1b23a0_0 .var/i "a", 31 0;
v0x562d1d1b24a0_0 .var "cache_result", 7 0;
v0x562d1d1b2580_0 .var "cache_status", 3 0;
v0x562d1d1b2670_0 .net/s "i_arg_A", 7 0, o0x7fcc740b21f8;  alias, 0 drivers
v0x562d1d1b2780_0 .net/s "i_arg_B", 7 0, o0x7fcc740b20a8;  alias, 0 drivers
v0x562d1d1b2890_0 .var/i "x", 31 0;
S_0x562d1d1b29f0 .scope module, "mod_comparison_2" "comparison_2" 3 630, 3 399 0, S_0x562d1d1979a0;
 .timescale 0 0;
    .port_info 0 /INPUT 8 "i_arg_A";
    .port_info 1 /INPUT 8 "i_arg_B";
    .port_info 2 /OUTPUT 4 "cache_status";
    .port_info 3 /OUTPUT 8 "cache_result";
P_0x562d1d1b2c20 .param/l "K" 0 3 402, +C4<00000000000000000000000000001000>;
P_0x562d1d1b2c60 .param/l "M" 0 3 401, +C4<00000000000000000000000000001000>;
v0x562d1d1b2e30_0 .var "cache_result", 7 0;
v0x562d1d1b2f30_0 .var "cache_status", 3 0;
v0x562d1d1b3010_0 .var "comp_A", 7 0;
v0x562d1d1b3100_0 .var "comp_B", 7 0;
v0x562d1d1b31e0_0 .net "i_arg_A", 7 0, o0x7fcc740b21f8;  alias, 0 drivers
v0x562d1d1b32f0_0 .net "i_arg_B", 7 0, o0x7fcc740b20a8;  alias, 0 drivers
E_0x562d1d1988b0 .event anyedge, v0x562d1d1b0fc0_0, v0x562d1d181380_0, v0x562d1d1b0fc0_0, v0x562d1d181380_0;
S_0x562d1d1b34c0 .scope module, "mod_division" "division" 3 636, 3 243 0, S_0x562d1d1979a0;
 .timescale 0 0;
    .port_info 0 /INPUT 8 "i_arg_A";
    .port_info 1 /INPUT 8 "i_arg_B";
    .port_info 2 /OUTPUT 8 "cache_result";
    .port_info 3 /OUTPUT 4 "cache_status";
P_0x562d1d1b3650 .param/l "K" 0 3 245, +C4<00000000000000000000000000001000>;
P_0x562d1d1b3690 .param/l "M" 0 3 244, +C4<00000000000000000000000000001000>;
v0x562d1d1b38f0_0 .var/i "a", 31 0;
v0x562d1d1b39f0_0 .var "cache_result", 7 0;
v0x562d1d1b3ad0_0 .var "cache_status", 3 0;
v0x562d1d1b3bc0_0 .net/s "i_arg_A", 7 0, o0x7fcc740b21f8;  alias, 0 drivers
v0x562d1d1b3d10_0 .net/s "i_arg_B", 7 0, o0x7fcc740b20a8;  alias, 0 drivers
v0x562d1d1b3dd0_0 .var/s "s_divid", 7 0;
v0x562d1d1b3eb0_0 .var/i "x", 31 0;
E_0x562d1d1b3870 .event anyedge, v0x562d1d181380_0, v0x562d1d1b0fc0_0;
S_0x562d1d1b4010 .scope module, "mod_division_1" "division_1" 3 625, 3 73 0, S_0x562d1d1979a0;
 .timescale 0 0;
    .port_info 0 /INPUT 8 "i_arg_A";
    .port_info 1 /INPUT 8 "i_arg_B";
    .port_info 2 /OUTPUT 4 "cache_status";
    .port_info 3 /OUTPUT 8 "cache_result";
P_0x562d1d1b41f0 .param/l "K" 0 3 75, +C4<00000000000000000000000000001000>;
P_0x562d1d1b4230 .param/l "M" 0 3 74, +C4<00000000000000000000000000001000>;
v0x562d1d1b44a0_0 .var "cache_result", 7 0;
v0x562d1d1b45a0_0 .var "cache_status", 3 0;
v0x562d1d1b4680_0 .net "i_arg_A", 7 0, o0x7fcc740b21f8;  alias, 0 drivers
v0x562d1d1b4750_0 .net "i_arg_B", 7 0, o0x7fcc740b20a8;  alias, 0 drivers
E_0x562d1d1b4410/0 .event anyedge, v0x562d1d181380_0, v0x562d1d1b0fc0_0, v0x562d1d181380_0, v0x562d1d1b0fc0_0;
E_0x562d1d1b4410/1 .event anyedge, v0x562d1d181380_0;
E_0x562d1d1b4410 .event/or E_0x562d1d1b4410/0, E_0x562d1d1b4410/1;
S_0x562d1d1b48c0 .scope module, "mod_right_shift_1" "right_shift_1" 3 626, 3 102 0, S_0x562d1d1979a0;
 .timescale 0 0;
    .port_info 0 /INPUT 8 "i_arg_A";
    .port_info 1 /INPUT 8 "i_arg_B";
    .port_info 2 /OUTPUT 4 "cache_status";
    .port_info 3 /OUTPUT 8 "cache_result";
P_0x562d1d1b4aa0 .param/l "K" 0 3 104, +C4<00000000000000000000000000001000>;
P_0x562d1d1b4ae0 .param/l "M" 0 3 103, +C4<00000000000000000000000000001000>;
v0x562d1d1b4d40_0 .var "cache_result", 7 0;
v0x562d1d1b4e40_0 .var "cache_status", 3 0;
v0x562d1d1b4f20_0 .net "i_arg_A", 7 0, o0x7fcc740b21f8;  alias, 0 drivers
v0x562d1d1b4ff0_0 .net "i_arg_B", 7 0, o0x7fcc740b20a8;  alias, 0 drivers
E_0x562d1d1b4cc0 .event anyedge, v0x562d1d181380_0, v0x562d1d1b0fc0_0, v0x562d1d181380_0;
S_0x562d1d1b5160 .scope module, "mod_right_shift_2" "right_shift_2" 3 637, 3 295 0, S_0x562d1d1979a0;
 .timescale 0 0;
    .port_info 0 /INPUT 8 "i_arg_A";
    .port_info 1 /INPUT 8 "i_arg_B";
    .port_info 2 /OUTPUT 8 "cache_result";
    .port_info 3 /OUTPUT 4 "cache_status";
P_0x562d1d1b53d0 .param/l "K" 0 3 297, +C4<00000000000000000000000000001000>;
P_0x562d1d1b5410 .param/l "M" 0 3 296, +C4<00000000000000000000000000001000>;
v0x562d1d1b55f0_0 .var/i "a", 31 0;
v0x562d1d1b56f0_0 .var "cache_result", 7 0;
v0x562d1d1b57d0_0 .var "cache_status", 3 0;
v0x562d1d1b58c0_0 .net/s "i_arg_A", 7 0, o0x7fcc740b21f8;  alias, 0 drivers
v0x562d1d1b5980_0 .net/s "i_arg_B", 7 0, o0x7fcc740b20a8;  alias, 0 drivers
v0x562d1d1b5a40_0 .var "s_s", 7 0;
v0x562d1d1b5b20_0 .var/i "x", 31 0;
S_0x562d1d1b5c80 .scope module, "mod_sub_and_mul" "sub_and_mul" 3 629, 3 472 0, S_0x562d1d1979a0;
 .timescale 0 0;
    .port_info 0 /INPUT 8 "i_arg_A";
    .port_info 1 /INPUT 8 "i_arg_B";
    .port_info 2 /OUTPUT 4 "cache_status";
    .port_info 3 /OUTPUT 8 "cache_result";
P_0x562d1d1b33b0 .param/l "K" 0 3 475, +C4<00000000000000000000000000001000>;
P_0x562d1d1b33f0 .param/l "M" 0 3 474, +C4<00000000000000000000000000001000>;
v0x562d1d1b5ff0_0 .var "cache", 7 0;
v0x562d1d1b60f0_0 .var "cache_result", 7 0;
v0x562d1d1b61d0_0 .var "cache_status", 3 0;
v0x562d1d1b62c0_0 .net "i_arg_A", 7 0, o0x7fcc740b21f8;  alias, 0 drivers
v0x562d1d1b6380_0 .net "i_arg_B", 7 0, o0x7fcc740b20a8;  alias, 0 drivers
v0x562d1d1b6490_0 .var/s "s_A", 7 0;
v0x562d1d1b6570_0 .var/s "s_B", 7 0;
v0x562d1d1b6650_0 .var "sum", 7 0;
S_0x562d1d1b67b0 .scope module, "mod_u2_to_zm" "u2_to_zm" 3 632, 3 526 0, S_0x562d1d1979a0;
 .timescale 0 0;
    .port_info 0 /INPUT 8 "i_arg_A";
    .port_info 1 /INPUT 8 "i_arg_B";
    .port_info 2 /OUTPUT 4 "cache_status";
    .port_info 3 /OUTPUT 8 "cache_result";
P_0x562d1d1b3c80 .param/l "K" 0 3 529, +C4<00000000000000000000000000001000>;
P_0x562d1d1b3cc0 .param/l "M" 0 3 528, +C4<00000000000000000000000000001000>;
v0x562d1d1b6ba0_0 .var "cache_result", 7 0;
v0x562d1d1b6ca0_0 .var "cache_status", 3 0;
v0x562d1d1b6d80_0 .net "i_arg_A", 7 0, o0x7fcc740b21f8;  alias, 0 drivers
v0x562d1d1b6e50_0 .net "i_arg_B", 7 0, o0x7fcc740b20a8;  alias, 0 drivers
E_0x562d1d1b6b20 .event anyedge, v0x562d1d1b0fc0_0, v0x562d1d1b0fc0_0, v0x562d1d1b0fc0_0;
S_0x562d1d1b6fc0 .scope module, "mod_zm_to_u2" "zm_to_u2" 3 627, 3 133 0, S_0x562d1d1979a0;
 .timescale 0 0;
    .port_info 0 /INPUT 8 "i_arg_A";
    .port_info 1 /INPUT 8 "i_arg_B";
    .port_info 2 /OUTPUT 4 "cache_status";
    .port_info 3 /OUTPUT 8 "cache_result";
P_0x562d1d1b71a0 .param/l "K" 0 3 135, +C4<00000000000000000000000000001000>;
P_0x562d1d1b71e0 .param/l "M" 0 3 134, +C4<00000000000000000000000000001000>;
v0x562d1d1b73c0_0 .var "cache_result", 7 0;
v0x562d1d1b74c0_0 .var "cache_status", 3 0;
v0x562d1d1b75a0_0 .net "i_arg_A", 7 0, o0x7fcc740b21f8;  alias, 0 drivers
v0x562d1d1b7670_0 .net "i_arg_B", 7 0, o0x7fcc740b20a8;  alias, 0 drivers
    .scope S_0x562d1d1b14f0;
T_0 ;
Ewait_0 .event/or E_0x562d1d1986f0, E_0x0;
    %wait Ewait_0;
    %pushi/vec4 0, 0, 4;
    %store/vec4 v0x562d1d1b1c40_0, 0, 4;
    %pushi/vec4 0, 0, 8;
    %store/vec4 v0x562d1d1b1b50_0, 0, 8;
    %load/vec4 v0x562d1d1b1e30_0;
    %inv;
    %store/vec4 v0x562d1d1b1a70_0, 0, 8;
    %load/vec4 v0x562d1d1b1d20_0;
    %parti/s 1, 7, 4;
    %pad/u 32;
    %pushi/vec4 0, 0, 32;
    %cmp/e;
    %flag_get/vec4 4;
    %load/vec4 v0x562d1d1b1a70_0;
    %parti/s 1, 7, 4;
    %pad/u 32;
    %pushi/vec4 0, 0, 32;
    %cmp/e;
    %flag_get/vec4 4;
    %and;
    %flag_set/vec4 8;
    %jmp/0xz  T_0.0, 8;
    %load/vec4 v0x562d1d1b1d20_0;
    %pad/u 9;
    %load/vec4 v0x562d1d1b1a70_0;
    %pad/u 9;
    %add;
    %store/vec4 v0x562d1d1b1970_0, 0, 9;
    %load/vec4 v0x562d1d1b1970_0;
    %parti/s 1, 7, 4;
    %pad/u 32;
    %cmpi/e 1, 0, 32;
    %jmp/0xz  T_0.2, 4;
    %pushi/vec4 9, 0, 4;
    %store/vec4 v0x562d1d1b1c40_0, 0, 4;
    %pushi/vec4 255, 255, 8;
    %store/vec4 v0x562d1d1b1b50_0, 0, 8;
    %jmp T_0.3;
T_0.2 ;
    %load/vec4 v0x562d1d1b1970_0;
    %parti/s 8, 0, 2;
    %store/vec4 v0x562d1d1b1b50_0, 0, 8;
T_0.3 ;
T_0.0 ;
    %load/vec4 v0x562d1d1b1d20_0;
    %parti/s 1, 7, 4;
    %pad/u 32;
    %pushi/vec4 0, 0, 32;
    %cmp/e;
    %flag_get/vec4 4;
    %load/vec4 v0x562d1d1b1a70_0;
    %parti/s 1, 7, 4;
    %pad/u 32;
    %pushi/vec4 1, 0, 32;
    %cmp/e;
    %flag_get/vec4 4;
    %and;
    %flag_set/vec4 8;
    %jmp/0xz  T_0.4, 8;
    %load/vec4 v0x562d1d1b1a70_0;
    %parti/s 7, 0, 2;
    %load/vec4 v0x562d1d1b1d20_0;
    %parti/s 7, 0, 2;
    %cmp/u;
    %jmp/0xz  T_0.6, 5;
    %pushi/vec4 0, 0, 1;
    %load/vec4 v0x562d1d1b1d20_0;
    %parti/s 7, 0, 2;
    %load/vec4 v0x562d1d1b1a70_0;
    %parti/s 7, 0, 2;
    %sub;
    %concat/vec4; draw_concat_vec4
    %store/vec4 v0x562d1d1b1b50_0, 0, 8;
    %jmp T_0.7;
T_0.6 ;
    %pushi/vec4 1, 0, 1;
    %load/vec4 v0x562d1d1b1a70_0;
    %parti/s 7, 0, 2;
    %load/vec4 v0x562d1d1b1d20_0;
    %parti/s 7, 0, 2;
    %sub;
    %concat/vec4; draw_concat_vec4
    %store/vec4 v0x562d1d1b1b50_0, 0, 8;
T_0.7 ;
T_0.4 ;
    %load/vec4 v0x562d1d1b1d20_0;
    %parti/s 1, 7, 4;
    %pad/u 32;
    %pushi/vec4 1, 0, 32;
    %cmp/e;
    %flag_get/vec4 4;
    %load/vec4 v0x562d1d1b1a70_0;
    %parti/s 1, 7, 4;
    %pad/u 32;
    %pushi/vec4 0, 0, 32;
    %cmp/e;
    %flag_get/vec4 4;
    %and;
    %flag_set/vec4 8;
    %jmp/0xz  T_0.8, 8;
    %load/vec4 v0x562d1d1b1a70_0;
    %parti/s 7, 0, 2;
    %load/vec4 v0x562d1d1b1d20_0;
    %parti/s 7, 0, 2;
    %cmp/u;
    %jmp/0xz  T_0.10, 5;
    %pushi/vec4 1, 0, 1;
    %load/vec4 v0x562d1d1b1d20_0;
    %parti/s 7, 0, 2;
    %load/vec4 v0x562d1d1b1a70_0;
    %parti/s 7, 0, 2;
    %sub;
    %concat/vec4; draw_concat_vec4
    %store/vec4 v0x562d1d1b1b50_0, 0, 8;
    %jmp T_0.11;
T_0.10 ;
    %pushi/vec4 0, 0, 1;
    %load/vec4 v0x562d1d1b1a70_0;
    %parti/s 7, 0, 2;
    %load/vec4 v0x562d1d1b1d20_0;
    %parti/s 7, 0, 2;
    %sub;
    %concat/vec4; draw_concat_vec4
    %store/vec4 v0x562d1d1b1b50_0, 0, 8;
T_0.11 ;
T_0.8 ;
    %load/vec4 v0x562d1d1b1d20_0;
    %parti/s 1, 7, 4;
    %pad/u 32;
    %pushi/vec4 1, 0, 32;
    %cmp/e;
    %flag_get/vec4 4;
    %load/vec4 v0x562d1d1b1a70_0;
    %parti/s 1, 7, 4;
    %pad/u 32;
    %pushi/vec4 1, 0, 32;
    %cmp/e;
    %flag_get/vec4 4;
    %and;
    %flag_set/vec4 8;
    %jmp/0xz  T_0.12, 8;
    %load/vec4 v0x562d1d1b1d20_0;
    %parti/s 7, 0, 2;
    %pad/u 9;
    %load/vec4 v0x562d1d1b1a70_0;
    %parti/s 7, 0, 2;
    %pad/u 9;
    %add;
    %store/vec4 v0x562d1d1b1970_0, 0, 9;
    %load/vec4 v0x562d1d1b1970_0;
    %parti/s 1, 7, 4;
    %pad/u 32;
    %cmpi/e 1, 0, 32;
    %jmp/0xz  T_0.14, 4;
    %pushi/vec4 9, 0, 4;
    %store/vec4 v0x562d1d1b1c40_0, 0, 4;
    %pushi/vec4 255, 255, 8;
    %store/vec4 v0x562d1d1b1b50_0, 0, 8;
    %jmp T_0.15;
T_0.14 ;
    %pushi/vec4 1, 0, 1;
    %load/vec4 v0x562d1d1b1970_0;
    %parti/s 7, 0, 2;
    %concat/vec4; draw_concat_vec4
    %store/vec4 v0x562d1d1b1b50_0, 0, 8;
T_0.15 ;
T_0.12 ;
    %jmp T_0;
    .thread T_0, $push;
    .scope S_0x562d1d1b4010;
T_1 ;
Ewait_1 .event/or E_0x562d1d1b4410, E_0x0;
    %wait Ewait_1;
    %pushi/vec4 0, 0, 4;
    %store/vec4 v0x562d1d1b45a0_0, 0, 4;
    %pushi/vec4 0, 0, 8;
    %store/vec4 v0x562d1d1b44a0_0, 0, 8;
    %load/vec4 v0x562d1d1b4750_0;
    %cmpi/e 0, 0, 8;
    %jmp/0xz  T_1.0, 4;
    %pushi/vec4 8, 0, 4;
    %store/vec4 v0x562d1d1b45a0_0, 0, 4;
    %pushi/vec4 255, 255, 8;
    %store/vec4 v0x562d1d1b44a0_0, 0, 8;
    %jmp T_1.1;
T_1.0 ;
    %load/vec4 v0x562d1d1b4680_0;
    %parti/s 1, 7, 4;
    %load/vec4 v0x562d1d1b4750_0;
    %parti/s 1, 7, 4;
    %xor;
    %load/vec4 v0x562d1d1b4680_0;
    %parti/s 7, 0, 2;
    %load/vec4 v0x562d1d1b4750_0;
    %parti/s 7, 0, 2;
    %div;
    %concat/vec4; draw_concat_vec4
    %store/vec4 v0x562d1d1b44a0_0, 0, 8;
T_1.1 ;
    %jmp T_1;
    .thread T_1, $push;
    .scope S_0x562d1d1b48c0;
T_2 ;
Ewait_2 .event/or E_0x562d1d1b4cc0, E_0x0;
    %wait Ewait_2;
    %pushi/vec4 0, 0, 4;
    %store/vec4 v0x562d1d1b4e40_0, 0, 4;
    %pushi/vec4 0, 0, 8;
    %store/vec4 v0x562d1d1b4d40_0, 0, 8;
    %load/vec4 v0x562d1d1b4ff0_0;
    %parti/s 1, 7, 4;
    %pad/u 32;
    %cmpi/e 0, 0, 32;
    %jmp/0xz  T_2.0, 4;
    %pushi/vec4 8, 0, 4;
    %store/vec4 v0x562d1d1b4e40_0, 0, 4;
    %pushi/vec4 255, 255, 8;
    %store/vec4 v0x562d1d1b4d40_0, 0, 8;
    %jmp T_2.1;
T_2.0 ;
    %load/vec4 v0x562d1d1b4f20_0;
    %load/vec4 v0x562d1d1b4ff0_0;
    %inv;
    %ix/vec4 4;
    %shiftr 4;
    %store/vec4 v0x562d1d1b4d40_0, 0, 8;
T_2.1 ;
    %jmp T_2;
    .thread T_2, $push;
    .scope S_0x562d1d1b6fc0;
T_3 ;
Ewait_3 .event/or E_0x562d1d1b6b20, E_0x0;
    %wait Ewait_3;
    %pushi/vec4 0, 0, 4;
    %store/vec4 v0x562d1d1b74c0_0, 0, 4;
    %pushi/vec4 0, 0, 8;
    %store/vec4 v0x562d1d1b73c0_0, 0, 8;
    %load/vec4 v0x562d1d1b75a0_0;
    %parti/s 1, 7, 4;
    %pad/u 32;
    %cmpi/e 0, 0, 32;
    %jmp/0xz  T_3.0, 4;
    %load/vec4 v0x562d1d1b75a0_0;
    %store/vec4 v0x562d1d1b73c0_0, 0, 8;
    %jmp T_3.1;
T_3.0 ;
    %pushi/vec4 1, 0, 1;
    %load/vec4 v0x562d1d1b75a0_0;
    %parti/s 7, 0, 2;
    %inv;
    %addi 1, 0, 7;
    %concat/vec4; draw_concat_vec4
    %store/vec4 v0x562d1d1b73c0_0, 0, 8;
T_3.1 ;
    %jmp T_3;
    .thread T_3, $push;
    .scope S_0x562d1d1b5c80;
T_4 ;
Ewait_4 .event/or E_0x562d1d1b3870, E_0x0;
    %wait Ewait_4;
    %pushi/vec4 0, 0, 4;
    %store/vec4 v0x562d1d1b61d0_0, 0, 4;
    %pushi/vec4 0, 0, 8;
    %store/vec4 v0x562d1d1b60f0_0, 0, 8;
    %load/vec4 v0x562d1d1b6380_0;
    %ix/load 4, 1, 0;
    %flag_set/imm 4, 0;
    %shiftl 4;
    %store/vec4 v0x562d1d1b5ff0_0, 0, 8;
    %load/vec4 v0x562d1d1b62c0_0;
    %store/vec4 v0x562d1d1b6490_0, 0, 8;
    %load/vec4 v0x562d1d1b5ff0_0;
    %store/vec4 v0x562d1d1b6570_0, 0, 8;
    %load/vec4 v0x562d1d1b6490_0;
    %pad/s 32;
    %load/vec4 v0x562d1d1b6570_0;
    %pad/s 32;
    %sub;
    %cmpi/s 127, 0, 32;
    %flag_or 5, 4; GT is !LE
    %flag_inv 5;
    %jmp/0xz  T_4.0, 5;
    %pushi/vec4 9, 0, 4;
    %store/vec4 v0x562d1d1b61d0_0, 0, 4;
    %pushi/vec4 255, 255, 8;
    %store/vec4 v0x562d1d1b60f0_0, 0, 8;
    %jmp T_4.1;
T_4.0 ;
    %load/vec4 v0x562d1d1b6490_0;
    %pad/s 32;
    %load/vec4 v0x562d1d1b6570_0;
    %pad/s 32;
    %sub;
    %cmpi/s 4294967168, 0, 32;
    %jmp/0xz  T_4.2, 5;
    %pushi/vec4 9, 0, 4;
    %store/vec4 v0x562d1d1b61d0_0, 0, 4;
    %pushi/vec4 255, 255, 8;
    %store/vec4 v0x562d1d1b60f0_0, 0, 8;
    %jmp T_4.3;
T_4.2 ;
    %load/vec4 v0x562d1d1b6490_0;
    %load/vec4 v0x562d1d1b6570_0;
    %sub;
    %store/vec4 v0x562d1d1b6650_0, 0, 8;
    %load/vec4 v0x562d1d1b6650_0;
    %store/vec4 v0x562d1d1b60f0_0, 0, 8;
T_4.3 ;
T_4.1 ;
    %jmp T_4;
    .thread T_4, $push;
    .scope S_0x562d1d1b29f0;
T_5 ;
Ewait_5 .event/or E_0x562d1d1988b0, E_0x0;
    %wait Ewait_5;
    %pushi/vec4 0, 0, 4;
    %store/vec4 v0x562d1d1b2f30_0, 0, 4;
    %pushi/vec4 0, 0, 8;
    %store/vec4 v0x562d1d1b2e30_0, 0, 8;
    %load/vec4 v0x562d1d1b31e0_0;
    %parti/s 1, 7, 4;
    %pad/u 32;
    %cmpi/e 1, 0, 32;
    %flag_get/vec4 4;
    %jmp/0 T_5.2, 4;
    %load/vec4 v0x562d1d1b32f0_0;
    %parti/s 1, 7, 4;
    %pad/u 32;
    %pushi/vec4 0, 0, 32;
    %cmp/e;
    %flag_get/vec4 4;
    %and;
T_5.2;
    %flag_set/vec4 8;
    %jmp/0xz  T_5.0, 8;
    %pushi/vec4 1, 0, 8;
    %store/vec4 v0x562d1d1b2e30_0, 0, 8;
    %jmp T_5.1;
T_5.0 ;
    %load/vec4 v0x562d1d1b31e0_0;
    %parti/s 1, 7, 4;
    %pad/u 32;
    %cmpi/e 0, 0, 32;
    %flag_get/vec4 4;
    %jmp/0 T_5.6, 4;
    %load/vec4 v0x562d1d1b32f0_0;
    %parti/s 1, 7, 4;
    %pad/u 32;
    %pushi/vec4 1, 0, 32;
    %cmp/e;
    %flag_get/vec4 4;
    %and;
T_5.6;
    %flag_set/vec4 8;
    %jmp/1 T_5.5, 8;
    %load/vec4 v0x562d1d1b31e0_0;
    %load/vec4 v0x562d1d1b32f0_0;
    %cmp/e;
    %flag_or 8, 4;
T_5.5;
    %jmp/0xz  T_5.3, 8;
    %pushi/vec4 0, 0, 8;
    %store/vec4 v0x562d1d1b2e30_0, 0, 8;
    %jmp T_5.4;
T_5.3 ;
    %load/vec4 v0x562d1d1b31e0_0;
    %parti/s 1, 7, 4;
    %pad/u 32;
    %cmpi/e 0, 0, 32;
    %flag_get/vec4 4;
    %jmp/0 T_5.9, 4;
    %load/vec4 v0x562d1d1b32f0_0;
    %parti/s 1, 7, 4;
    %pad/u 32;
    %pushi/vec4 0, 0, 32;
    %cmp/e;
    %flag_get/vec4 4;
    %and;
T_5.9;
    %flag_set/vec4 8;
    %jmp/0xz  T_5.7, 8;
    %load/vec4 v0x562d1d1b31e0_0;
    %load/vec4 v0x562d1d1b32f0_0;
    %cmp/u;
    %jmp/0xz  T_5.10, 5;
    %pushi/vec4 1, 0, 8;
    %store/vec4 v0x562d1d1b2e30_0, 0, 8;
    %jmp T_5.11;
T_5.10 ;
    %pushi/vec4 0, 0, 8;
    %store/vec4 v0x562d1d1b2e30_0, 0, 8;
T_5.11 ;
    %jmp T_5.8;
T_5.7 ;
    %load/vec4 v0x562d1d1b31e0_0;
    %parti/s 1, 7, 4;
    %pad/u 32;
    %cmpi/e 1, 0, 32;
    %flag_get/vec4 4;
    %jmp/0 T_5.14, 4;
    %load/vec4 v0x562d1d1b32f0_0;
    %parti/s 1, 7, 4;
    %pad/u 32;
    %pushi/vec4 1, 0, 32;
    %cmp/e;
    %flag_get/vec4 4;
    %and;
T_5.14;
    %flag_set/vec4 8;
    %jmp/0xz  T_5.12, 8;
    %load/vec4 v0x562d1d1b31e0_0;
    %store/vec4 v0x562d1d1b3010_0, 0, 8;
    %load/vec4 v0x562d1d1b32f0_0;
    %store/vec4 v0x562d1d1b3100_0, 0, 8;
    %pushi/vec4 0, 0, 1;
    %ix/load 4, 7, 0;
    %flag_set/imm 4, 0;
    %store/vec4 v0x562d1d1b3010_0, 4, 1;
    %pushi/vec4 0, 0, 1;
    %ix/load 4, 7, 0;
    %flag_set/imm 4, 0;
    %store/vec4 v0x562d1d1b3100_0, 4, 1;
    %load/vec4 v0x562d1d1b3100_0;
    %load/vec4 v0x562d1d1b3010_0;
    %cmp/u;
    %jmp/0xz  T_5.15, 5;
    %pushi/vec4 1, 0, 8;
    %store/vec4 v0x562d1d1b2e30_0, 0, 8;
    %jmp T_5.16;
T_5.15 ;
    %pushi/vec4 0, 0, 8;
    %store/vec4 v0x562d1d1b2e30_0, 0, 8;
T_5.16 ;
T_5.12 ;
T_5.8 ;
T_5.4 ;
T_5.1 ;
    %jmp T_5;
    .thread T_5, $push;
    .scope S_0x562d1d1b0be0;
T_6 ;
Ewait_6 .event/or E_0x562d1d10afd0, E_0x0;
    %wait Ewait_6;
    %pushi/vec4 0, 0, 4;
    %store/vec4 v0x562d1d18deb0_0, 0, 4;
    %pushi/vec4 0, 0, 8;
    %store/vec4 v0x562d1d193300_0, 0, 8;
    %load/vec4 v0x562d1d1b0fc0_0;
    %store/vec4 v0x562d1d1b11a0_0, 0, 8;
    %load/vec4 v0x562d1d1b10b0_0;
    %store/vec4 v0x562d1d1b12b0_0, 0, 8;
    %load/vec4 v0x562d1d1b11a0_0;
    %pad/s 32;
    %load/vec4 v0x562d1d1b12b0_0;
    %pad/s 32;
    %add;
    %cmpi/s 127, 0, 32;
    %flag_or 5, 4; GT is !LE
    %flag_inv 5;
    %jmp/0xz  T_6.0, 5;
    %pushi/vec4 9, 0, 4;
    %store/vec4 v0x562d1d18deb0_0, 0, 4;
    %pushi/vec4 255, 255, 8;
    %store/vec4 v0x562d1d193300_0, 0, 8;
    %jmp T_6.1;
T_6.0 ;
    %load/vec4 v0x562d1d1b11a0_0;
    %pad/s 32;
    %load/vec4 v0x562d1d1b12b0_0;
    %pad/s 32;
    %add;
    %cmpi/s 4294967168, 0, 32;
    %jmp/0xz  T_6.2, 5;
    %pushi/vec4 9, 0, 4;
    %store/vec4 v0x562d1d18deb0_0, 0, 4;
    %pushi/vec4 255, 255, 8;
    %store/vec4 v0x562d1d193300_0, 0, 8;
    %jmp T_6.3;
T_6.2 ;
    %load/vec4 v0x562d1d1b11a0_0;
    %load/vec4 v0x562d1d1b12b0_0;
    %add;
    %store/vec4 v0x562d1d1b1390_0, 0, 8;
    %load/vec4 v0x562d1d1b1390_0;
    %pushi/vec4 1, 0, 8;
    %load/vec4 v0x562d1d1b12b0_0;
    %ix/vec4 4;
    %shiftl 4;
    %inv;
    %and;
    %store/vec4 v0x562d1d1b1390_0, 0, 8;
    %load/vec4 v0x562d1d1b1390_0;
    %store/vec4 v0x562d1d193300_0, 0, 8;
T_6.3 ;
T_6.1 ;
    %jmp T_6;
    .thread T_6, $push;
    .scope S_0x562d1d1b67b0;
T_7 ;
Ewait_7 .event/or E_0x562d1d1b6b20, E_0x0;
    %wait Ewait_7;
    %pushi/vec4 0, 0, 4;
    %store/vec4 v0x562d1d1b6ca0_0, 0, 4;
    %pushi/vec4 0, 0, 8;
    %store/vec4 v0x562d1d1b6ba0_0, 0, 8;
    %load/vec4 v0x562d1d1b6d80_0;
    %cmpi/e 128, 0, 8;
    %jmp/0xz  T_7.0, 4;
    %pushi/vec4 9, 0, 4;
    %store/vec4 v0x562d1d1b6ca0_0, 0, 4;
    %pushi/vec4 1, 0, 1;
    %load/vec4 v0x562d1d1b6d80_0;
    %parti/s 7, 0, 2;
    %inv;
    %addi 1, 0, 7;
    %concat/vec4; draw_concat_vec4
    %store/vec4 v0x562d1d1b6ba0_0, 0, 8;
    %jmp T_7.1;
T_7.0 ;
    %load/vec4 v0x562d1d1b6d80_0;
    %parti/s 1, 7, 4;
    %pad/u 32;
    %cmpi/e 1, 0, 32;
    %jmp/0xz  T_7.2, 4;
    %pushi/vec4 1, 0, 1;
    %load/vec4 v0x562d1d1b6d80_0;
    %parti/s 7, 0, 2;
    %inv;
    %addi 1, 0, 7;
    %concat/vec4; draw_concat_vec4
    %store/vec4 v0x562d1d1b6ba0_0, 0, 8;
    %jmp T_7.3;
T_7.2 ;
    %load/vec4 v0x562d1d1b6d80_0;
    %store/vec4 v0x562d1d1b6ba0_0, 0, 8;
T_7.3 ;
T_7.1 ;
    %jmp T_7;
    .thread T_7, $push;
    .scope S_0x562d1d0e6d40;
T_8 ;
Ewait_8 .event/or E_0x562d1d1368c0, E_0x0;
    %wait Ewait_8;
    %pushi/vec4 0, 0, 8;
    %store/vec4 v0x562d1d15de40_0, 0, 8;
    %pushi/vec4 0, 0, 32;
    %store/vec4 v0x562d1d183080_0, 0, 32;
    %pushi/vec4 0, 0, 32;
    %store/vec4 v0x562d1d1584e0_0, 0, 32;
    %pushi/vec4 0, 0, 4;
    %store/vec4 v0x562d1d1321f0_0, 0, 4;
    %load/vec4 v0x562d1d181380_0;
    %pad/s 32;
    %cmpi/s 0, 0, 32;
    %flag_inv 5; GE is !LT
    %jmp/0xz  T_8.0, 5;
    %load/vec4 v0x562d1d181380_0;
    %store/vec4 v0x562d1d15de40_0, 0, 8;
    %jmp T_8.1;
T_8.0 ;
    %load/vec4 v0x562d1d181380_0;
    %inv;
    %pushi/vec4 1, 0, 8;
    %add;
    %store/vec4 v0x562d1d15de40_0, 0, 8;
T_8.1 ;
    %load/vec4 v0x562d1d15de40_0;
    %pad/u 32;
    %cmpi/e 255, 0, 32;
    %jmp/0xz  T_8.2, 6;
    %pushi/vec4 1, 0, 1;
    %ix/load 4, 2, 0;
    %flag_set/imm 4, 0;
    %store/vec4 v0x562d1d1321f0_0, 4, 1;
T_8.2 ;
    %pushi/vec4 0, 0, 32;
    %store/vec4 v0x562d1d1584e0_0, 0, 32;
T_8.4 ; Top of for-loop 
    %load/vec4 v0x562d1d1584e0_0;
    %cmpi/s 8, 0, 32;
    %jmp/0xz T_8.5, 5;
    %load/vec4 v0x562d1d15de40_0;
    %load/vec4 v0x562d1d1584e0_0;
    %part/s 1;
    %pad/u 32;
    %cmpi/e 1, 0, 32;
    %jmp/0xz  T_8.7, 4;
    %load/vec4 v0x562d1d183080_0;
    %addi 1, 0, 32;
    %store/vec4 v0x562d1d183080_0, 0, 32;
T_8.7 ;
T_8.6 ; for-loop step statement
    ; show_stmt_assign_vector: Get l-value for compressed += operand
    %load/vec4 v0x562d1d1584e0_0;
    %pushi/vec4 1, 0, 32;
    %add;
    %store/vec4 v0x562d1d1584e0_0, 0, 32;
    %jmp T_8.4;
T_8.5 ; for-loop exit label
    %load/vec4 v0x562d1d183080_0;
    %pushi/vec4 2, 0, 32;
    %mod/s;
    %cmpi/e 0, 0, 32;
    %flag_get/vec4 4;
    %jmp/0 T_8.11, 4;
    %load/vec4 v0x562d1d15de40_0;
    %pad/u 32;
    %pushi/vec4 0, 0, 32;
    %cmp/ne;
    %flag_get/vec4 4;
    %and;
T_8.11;
    %flag_set/vec4 8;
    %jmp/0xz  T_8.9, 8;
    %pushi/vec4 1, 0, 1;
    %ix/load 4, 1, 0;
    %flag_set/imm 4, 0;
    %store/vec4 v0x562d1d1321f0_0, 4, 1;
T_8.9 ;
    %load/vec4 v0x562d1d181380_0;
    %pad/s 32;
    %cmpi/s 4294967168, 0, 32;
    %jmp/1 T_8.14, 5;
    %flag_mov 8, 5;
    %load/vec4 v0x562d1d181380_0;
    %pad/s 32;
    %cmpi/s 128, 0, 32;
    %flag_inv 5; GE is !LT
    %flag_or 5, 8;
T_8.14;
    %jmp/0xz  T_8.12, 5;
    %pushi/vec4 1, 0, 1;
    %ix/load 4, 0, 0;
    %flag_set/imm 4, 0;
    %store/vec4 v0x562d1d1321f0_0, 4, 1;
T_8.12 ;
    %jmp T_8;
    .thread T_8, $push;
    .scope S_0x562d1d1b1fa0;
T_9 ;
Ewait_9 .event/or E_0x562d1d10afd0, E_0x0;
    %wait Ewait_9;
    %pushi/vec4 0, 0, 4;
    %store/vec4 v0x562d1d1b2580_0, 0, 4;
    %pushi/vec4 0, 0, 8;
    %store/vec4 v0x562d1d1b24a0_0, 0, 8;
    %pushi/vec4 0, 0, 32;
    %store/vec4 v0x562d1d1b23a0_0, 0, 32;
    %pushi/vec4 0, 0, 32;
    %store/vec4 v0x562d1d1b2890_0, 0, 32;
    %load/vec4 v0x562d1d1b2780_0;
    %load/vec4 v0x562d1d1b2670_0;
    %inv;
    %cmp/s;
    %flag_or 5, 4;
    %jmp/0xz  T_9.0, 5;
    %pushi/vec4 1, 0, 8;
    %store/vec4 v0x562d1d1b24a0_0, 0, 8;
    %load/vec4 v0x562d1d1b2670_0;
    %pad/s 32;
    %ix/load 4, 7, 0;
    %flag_set/imm 4, 0;
    %shiftr/s 4;
    %cmpi/e 1, 0, 32;
    %flag_get/vec4 4;
    %jmp/0 T_9.6, 4;
    %load/vec4 v0x562d1d1b2780_0;
    %pad/s 32;
    %ix/load 4, 7, 0;
    %flag_set/imm 4, 0;
    %shiftr/s 4;
    %pushi/vec4 1, 0, 32;
    %cmp/e;
    %flag_get/vec4 4;
    %and;
T_9.6;
    %flag_set/vec4 9;
    %flag_get/vec4 9;
    %jmp/0 T_9.5, 9;
    %load/vec4 v0x562d1d1b24a0_0;
    %pad/u 32;
    %ix/load 4, 7, 0;
    %flag_set/imm 4, 0;
    %shiftr 4;
    %pushi/vec4 0, 0, 32;
    %cmp/e;
    %flag_get/vec4 4;
    %and;
T_9.5;
    %flag_set/vec4 8;
    %jmp/1 T_9.4, 8;
    %load/vec4 v0x562d1d1b2670_0;
    %pad/s 32;
    %ix/load 4, 7, 0;
    %flag_set/imm 4, 0;
    %shiftr/s 4;
    %cmpi/e 0, 0, 32;
    %flag_get/vec4 4;
    %jmp/0 T_9.8, 4;
    %load/vec4 v0x562d1d1b2780_0;
    %pad/s 32;
    %ix/load 4, 7, 0;
    %flag_set/imm 4, 0;
    %shiftr/s 4;
    %pushi/vec4 0, 0, 32;
    %cmp/e;
    %flag_get/vec4 4;
    %and;
T_9.8;
    %flag_set/vec4 10;
    %flag_get/vec4 10;
    %jmp/0 T_9.7, 10;
    %load/vec4 v0x562d1d1b24a0_0;
    %pad/u 32;
    %ix/load 4, 7, 0;
    %flag_set/imm 4, 0;
    %shiftr 4;
    %pushi/vec4 1, 0, 32;
    %cmp/e;
    %flag_get/vec4 4;
    %and;
T_9.7;
    %flag_set/vec4 9;
    %flag_or 8, 9;
T_9.4;
    %jmp/0xz  T_9.2, 8;
    %pushi/vec4 1, 0, 1;
    %ix/load 4, 3, 0;
    %flag_set/imm 4, 0;
    %store/vec4 v0x562d1d1b2580_0, 4, 1;
T_9.2 ;
T_9.0 ;
    %jmp T_9;
    .thread T_9, $push;
    .scope S_0x562d1d1b34c0;
T_10 ;
Ewait_10 .event/or E_0x562d1d1b3870, E_0x0;
    %wait Ewait_10;
    %pushi/vec4 0, 0, 4;
    %store/vec4 v0x562d1d1b3ad0_0, 0, 4;
    %pushi/vec4 0, 0, 32;
    %store/vec4 v0x562d1d1b3eb0_0, 0, 32;
    %pushi/vec4 0, 0, 32;
    %store/vec4 v0x562d1d1b38f0_0, 0, 32;
    %pushi/vec4 0, 0, 8;
    %store/vec4 v0x562d1d1b39f0_0, 0, 8;
    %load/vec4 v0x562d1d1b3d10_0;
    %pad/s 32;
    %cmpi/ne 0, 0, 32;
    %jmp/0xz  T_10.0, 6;
    %load/vec4 v0x562d1d1b3bc0_0;
    %load/vec4 v0x562d1d1b3d10_0;
    %div/s;
    %store/vec4 v0x562d1d1b3dd0_0, 0, 8;
    %load/vec4 v0x562d1d1b3dd0_0;
    %pad/s 32;
    %cmpi/s 7, 0, 32;
    %flag_or 5, 4;
    %jmp/0xz  T_10.2, 5;
    %load/vec4 v0x562d1d1b3dd0_0;
    %store/vec4 v0x562d1d1b39f0_0, 0, 8;
    %jmp T_10.3;
T_10.2 ;
    %pushi/vec4 1, 0, 1;
    %ix/load 4, 3, 0;
    %flag_set/imm 4, 0;
    %store/vec4 v0x562d1d1b3ad0_0, 4, 1;
T_10.3 ;
    %jmp T_10.1;
T_10.0 ;
    %pushi/vec4 1, 0, 1;
    %ix/load 4, 0, 0;
    %flag_set/imm 4, 0;
    %store/vec4 v0x562d1d1b3ad0_0, 4, 1;
T_10.1 ;
    %load/vec4 v0x562d1d1b39f0_0;
    %pad/u 32;
    %cmpi/e 255, 0, 32;
    %jmp/0xz  T_10.4, 6;
    %pushi/vec4 1, 0, 1;
    %ix/load 4, 2, 0;
    %flag_set/imm 4, 0;
    %store/vec4 v0x562d1d1b3ad0_0, 4, 1;
T_10.4 ;
    %pushi/vec4 0, 0, 32;
    %store/vec4 v0x562d1d1b38f0_0, 0, 32;
T_10.6 ; Top of for-loop 
    %load/vec4 v0x562d1d1b38f0_0;
    %cmpi/s 8, 0, 32;
    %jmp/0xz T_10.7, 5;
    %load/vec4 v0x562d1d1b39f0_0;
    %load/vec4 v0x562d1d1b38f0_0;
    %part/s 1;
    %pad/u 32;
    %cmpi/e 1, 0, 32;
    %jmp/0xz  T_10.9, 4;
    %load/vec4 v0x562d1d1b3eb0_0;
    %addi 1, 0, 32;
    %store/vec4 v0x562d1d1b3eb0_0, 0, 32;
T_10.9 ;
T_10.8 ; for-loop step statement
    ; show_stmt_assign_vector: Get l-value for compressed += operand
    %load/vec4 v0x562d1d1b38f0_0;
    %pushi/vec4 1, 0, 32;
    %add;
    %store/vec4 v0x562d1d1b38f0_0, 0, 32;
    %jmp T_10.6;
T_10.7 ; for-loop exit label
    %load/vec4 v0x562d1d1b3eb0_0;
    %pushi/vec4 2, 0, 32;
    %mod/s;
    %cmpi/e 0, 0, 32;
    %flag_get/vec4 4;
    %jmp/0 T_10.13, 4;
    %load/vec4 v0x562d1d1b39f0_0;
    %pad/u 32;
    %pushi/vec4 0, 0, 32;
    %cmp/ne;
    %flag_get/vec4 4;
    %and;
T_10.13;
    %flag_set/vec4 8;
    %jmp/0xz  T_10.11, 8;
    %pushi/vec4 1, 0, 1;
    %ix/load 4, 1, 0;
    %flag_set/imm 4, 0;
    %store/vec4 v0x562d1d1b3ad0_0, 4, 1;
T_10.11 ;
    %jmp T_10;
    .thread T_10, $push;
    .scope S_0x562d1d1b5160;
T_11 ;
Ewait_11 .event/or E_0x562d1d1b3870, E_0x0;
    %wait Ewait_11;
    %pushi/vec4 0, 0, 8;
    %store/vec4 v0x562d1d1b56f0_0, 0, 8;
    %pushi/vec4 0, 0, 32;
    %store/vec4 v0x562d1d1b5b20_0, 0, 32;
    %pushi/vec4 0, 0, 32;
    %store/vec4 v0x562d1d1b55f0_0, 0, 32;
    %pushi/vec4 0, 0, 4;
    %store/vec4 v0x562d1d1b57d0_0, 0, 4;
    %load/vec4 v0x562d1d1b5980_0;
    %pad/s 32;
    %cmpi/s 0, 0, 32;
    %flag_inv 5; GE is !LT
    %jmp/0xz  T_11.0, 5;
    %load/vec4 v0x562d1d1b58c0_0;
    %inv;
    %load/vec4 v0x562d1d1b5980_0;
    %ix/vec4 4;
    %shiftr 4;
    %store/vec4 v0x562d1d1b5a40_0, 0, 8;
    %load/vec4 v0x562d1d1b5a40_0;
    %pad/u 32;
    %cmpi/u 7, 0, 32;
    %flag_or 5, 4;
    %jmp/0xz  T_11.2, 5;
    %load/vec4 v0x562d1d1b5a40_0;
    %store/vec4 v0x562d1d1b56f0_0, 0, 8;
    %jmp T_11.3;
T_11.2 ;
    %pushi/vec4 1, 0, 1;
    %ix/load 4, 3, 0;
    %flag_set/imm 4, 0;
    %store/vec4 v0x562d1d1b57d0_0, 4, 1;
T_11.3 ;
    %jmp T_11.1;
T_11.0 ;
    %pushi/vec4 1, 0, 1;
    %ix/load 4, 0, 0;
    %flag_set/imm 4, 0;
    %store/vec4 v0x562d1d1b57d0_0, 4, 1;
T_11.1 ;
    %load/vec4 v0x562d1d1b56f0_0;
    %pad/u 32;
    %cmpi/e 255, 0, 32;
    %jmp/0xz  T_11.4, 6;
    %pushi/vec4 1, 0, 1;
    %ix/load 4, 2, 0;
    %flag_set/imm 4, 0;
    %store/vec4 v0x562d1d1b57d0_0, 4, 1;
T_11.4 ;
    %pushi/vec4 0, 0, 32;
    %store/vec4 v0x562d1d1b55f0_0, 0, 32;
T_11.6 ; Top of for-loop 
    %load/vec4 v0x562d1d1b55f0_0;
    %cmpi/s 8, 0, 32;
    %jmp/0xz T_11.7, 5;
    %load/vec4 v0x562d1d1b56f0_0;
    %load/vec4 v0x562d1d1b55f0_0;
    %part/s 1;
    %pad/u 32;
    %cmpi/e 1, 0, 32;
    %jmp/0xz  T_11.9, 4;
    %load/vec4 v0x562d1d1b5b20_0;
    %addi 1, 0, 32;
    %store/vec4 v0x562d1d1b5b20_0, 0, 32;
T_11.9 ;
T_11.8 ; for-loop step statement
    ; show_stmt_assign_vector: Get l-value for compressed += operand
    %load/vec4 v0x562d1d1b55f0_0;
    %pushi/vec4 1, 0, 32;
    %add;
    %store/vec4 v0x562d1d1b55f0_0, 0, 32;
    %jmp T_11.6;
T_11.7 ; for-loop exit label
    %load/vec4 v0x562d1d1b5b20_0;
    %pushi/vec4 2, 0, 32;
    %mod/s;
    %cmpi/e 0, 0, 32;
    %flag_get/vec4 4;
    %jmp/0 T_11.13, 4;
    %load/vec4 v0x562d1d1b56f0_0;
    %pad/u 32;
    %pushi/vec4 0, 0, 32;
    %cmp/ne;
    %flag_get/vec4 4;
    %and;
T_11.13;
    %flag_set/vec4 8;
    %jmp/0xz  T_11.11, 8;
    %pushi/vec4 1, 0, 1;
    %ix/load 4, 1, 0;
    %flag_set/imm 4, 0;
    %store/vec4 v0x562d1d1b57d0_0, 4, 1;
T_11.11 ;
    %jmp T_11;
    .thread T_11, $push;
    .scope S_0x562d1d1979a0;
T_12 ;
Ewait_12 .event/or E_0x562d1d135ca0, E_0x0;
    %wait Ewait_12;
    %pushi/vec4 0, 0, 4;
    %store/vec4 v0x562d1d1b8f80_0, 0, 4;
    %pushi/vec4 0, 0, 8;
    %store/vec4 v0x562d1d1b8ea0_0, 0, 8;
    %pushi/vec4 0, 0, 1;
    %store/vec4 v0x562d1d1b8e00_0, 0, 1;
    %pushi/vec4 0, 0, 1;
    %store/vec4 v0x562d1d1b8d60_0, 0, 1;
    %load/vec4 v0x562d1d1b92a0_0;
    %parti/s 2, 2, 3;
    %dup/vec4;
    %pushi/vec4 0, 0, 2;
    %cmp/u;
    %jmp/1 T_12.0, 6;
    %dup/vec4;
    %pushi/vec4 1, 0, 2;
    %cmp/u;
    %jmp/1 T_12.1, 6;
    %dup/vec4;
    %pushi/vec4 2, 0, 2;
    %cmp/u;
    %jmp/1 T_12.2, 6;
    %jmp T_12.3;
T_12.0 ;
    %load/vec4 v0x562d1d1b92a0_0;
    %parti/s 2, 0, 2;
    %dup/vec4;
    %pushi/vec4 0, 0, 2;
    %cmp/u;
    %jmp/1 T_12.4, 6;
    %dup/vec4;
    %pushi/vec4 1, 0, 2;
    %cmp/u;
    %jmp/1 T_12.5, 6;
    %dup/vec4;
    %pushi/vec4 2, 0, 2;
    %cmp/u;
    %jmp/1 T_12.6, 6;
    %dup/vec4;
    %pushi/vec4 3, 0, 2;
    %cmp/u;
    %jmp/1 T_12.7, 6;
    %jmp T_12.8;
T_12.4 ;
    %load/vec4 v0x562d1d1b8af0_0;
    %store/vec4 v0x562d1d1b8f80_0, 0, 4;
    %load/vec4 v0x562d1d1b8a20_0;
    %store/vec4 v0x562d1d1b8ea0_0, 0, 8;
    %jmp T_12.8;
T_12.5 ;
    %load/vec4 v0x562d1d1b87b0_0;
    %store/vec4 v0x562d1d1b8f80_0, 0, 4;
    %load/vec4 v0x562d1d1b85d0_0;
    %store/vec4 v0x562d1d1b8ea0_0, 0, 8;
    %jmp T_12.8;
T_12.6 ;
    %load/vec4 v0x562d1d1b8950_0;
    %store/vec4 v0x562d1d1b8f80_0, 0, 4;
    %load/vec4 v0x562d1d1b8880_0;
    %store/vec4 v0x562d1d1b8ea0_0, 0, 8;
    %jmp T_12.8;
T_12.7 ;
    %load/vec4 v0x562d1d1b8c90_0;
    %store/vec4 v0x562d1d1b8f80_0, 0, 4;
    %load/vec4 v0x562d1d1b8bc0_0;
    %store/vec4 v0x562d1d1b8ea0_0, 0, 8;
    %jmp T_12.8;
T_12.8 ;
    %pop/vec4 1;
    %jmp T_12.3;
T_12.1 ;
    %load/vec4 v0x562d1d1b92a0_0;
    %parti/s 2, 0, 2;
    %dup/vec4;
    %pushi/vec4 0, 0, 2;
    %cmp/u;
    %jmp/1 T_12.9, 6;
    %dup/vec4;
    %pushi/vec4 1, 0, 2;
    %cmp/u;
    %jmp/1 T_12.10, 6;
    %dup/vec4;
    %pushi/vec4 2, 0, 2;
    %cmp/u;
    %jmp/1 T_12.11, 6;
    %dup/vec4;
    %pushi/vec4 3, 0, 2;
    %cmp/u;
    %jmp/1 T_12.12, 6;
    %jmp T_12.13;
T_12.9 ;
    %load/vec4 v0x562d1d1b7c50_0;
    %store/vec4 v0x562d1d1b8f80_0, 0, 4;
    %load/vec4 v0x562d1d1b7b60_0;
    %store/vec4 v0x562d1d1b8ea0_0, 0, 8;
    %jmp T_12.13;
T_12.10 ;
    %load/vec4 v0x562d1d1b7a90_0;
    %store/vec4 v0x562d1d1b8f80_0, 0, 4;
    %load/vec4 v0x562d1d1b7990_0;
    %store/vec4 v0x562d1d1b8ea0_0, 0, 8;
    %jmp T_12.13;
T_12.11 ;
    %load/vec4 v0x562d1d1b78c0_0;
    %store/vec4 v0x562d1d1b8f80_0, 0, 4;
    %load/vec4 v0x562d1d1b77e0_0;
    %store/vec4 v0x562d1d1b8ea0_0, 0, 8;
    %jmp T_12.13;
T_12.12 ;
    %load/vec4 v0x562d1d1b7df0_0;
    %store/vec4 v0x562d1d1b8f80_0, 0, 4;
    %load/vec4 v0x562d1d1b7d20_0;
    %store/vec4 v0x562d1d1b8ea0_0, 0, 8;
    %jmp T_12.13;
T_12.13 ;
    %pop/vec4 1;
    %jmp T_12.3;
T_12.2 ;
    %load/vec4 v0x562d1d1b92a0_0;
    %parti/s 2, 0, 2;
    %dup/vec4;
    %pushi/vec4 0, 0, 2;
    %cmp/u;
    %jmp/1 T_12.14, 6;
    %dup/vec4;
    %pushi/vec4 1, 0, 2;
    %cmp/u;
    %jmp/1 T_12.15, 6;
    %dup/vec4;
    %pushi/vec4 2, 0, 2;
    %cmp/u;
    %jmp/1 T_12.16, 6;
    %dup/vec4;
    %pushi/vec4 3, 0, 2;
    %cmp/u;
    %jmp/1 T_12.17, 6;
    %jmp T_12.18;
T_12.14 ;
    %load/vec4 v0x562d1d1b8020_0;
    %store/vec4 v0x562d1d1b8f80_0, 0, 4;
    %load/vec4 v0x562d1d1b7ec0_0;
    %store/vec4 v0x562d1d1b8ea0_0, 0, 8;
    %jmp T_12.18;
T_12.15 ;
    %load/vec4 v0x562d1d1b81c0_0;
    %store/vec4 v0x562d1d1b8f80_0, 0, 4;
    %load/vec4 v0x562d1d1b80f0_0;
    %store/vec4 v0x562d1d1b8ea0_0, 0, 8;
    %jmp T_12.18;
T_12.16 ;
    %load/vec4 v0x562d1d1b8360_0;
    %store/vec4 v0x562d1d1b8f80_0, 0, 4;
    %load/vec4 v0x562d1d1b8290_0;
    %store/vec4 v0x562d1d1b8ea0_0, 0, 8;
    %jmp T_12.18;
T_12.17 ;
    %load/vec4 v0x562d1d1b8500_0;
    %store/vec4 v0x562d1d1b8f80_0, 0, 4;
    %load/vec4 v0x562d1d1b8430_0;
    %store/vec4 v0x562d1d1b8ea0_0, 0, 8;
    %jmp T_12.18;
T_12.18 ;
    %pop/vec4 1;
    %jmp T_12.3;
T_12.3 ;
    %pop/vec4 1;
    %load/vec4 v0x562d1d1b8ea0_0;
    %cmpi/e 0, 0, 8;
    %jmp/0xz  T_12.19, 4;
    %pushi/vec4 1, 0, 1;
    %ix/load 4, 1, 0;
    %flag_set/imm 4, 0;
    %store/vec4 v0x562d1d1b8f80_0, 4, 1;
T_12.19 ;
    %load/vec4 v0x562d1d1b8ea0_0;
    %xor/r;
    %cmpi/e 1, 0, 1;
    %jmp/0xz  T_12.21, 4;
    %pushi/vec4 1, 0, 1;
    %ix/load 4, 2, 0;
    %flag_set/imm 4, 0;
    %store/vec4 v0x562d1d1b8f80_0, 4, 1;
T_12.21 ;
    %load/vec4 v0x562d1d1b9380_0;
    %cmpi/e 0, 0, 1;
    %jmp/0xz  T_12.23, 4;
    %pushi/vec4 0, 0, 4;
    %store/vec4 v0x562d1d1b8f80_0, 0, 4;
    %pushi/vec4 0, 0, 8;
    %store/vec4 v0x562d1d1b8ea0_0, 0, 8;
T_12.23 ;
    %load/vec4 v0x562d1d1b8f80_0;
    %parti/s 1, 0, 2;
    %pad/u 32;
    %cmpi/e 1, 0, 32;
    %jmp/0xz  T_12.25, 4;
    %pushi/vec4 0, 0, 1;
    %store/vec4 v0x562d1d1b8e00_0, 0, 1;
    %pushi/vec4 1, 0, 1;
    %store/vec4 v0x562d1d1b8d60_0, 0, 1;
    %jmp T_12.26;
T_12.25 ;
    %pushi/vec4 1, 0, 1;
    %store/vec4 v0x562d1d1b8e00_0, 0, 1;
    %pushi/vec4 0, 0, 1;
    %store/vec4 v0x562d1d1b8d60_0, 0, 1;
T_12.26 ;
    %jmp T_12;
    .thread T_12, $push;
    .scope S_0x562d1d1979a0;
T_13 ;
    %wait E_0x562d1d136480;
    %load/vec4 v0x562d1d1b8ea0_0;
    %assign/vec4 v0x562d1d1b97d0_0, 0;
    %load/vec4 v0x562d1d1b8f80_0;
    %assign/vec4 v0x562d1d1b98b0_0, 0;
    %load/vec4 v0x562d1d1b8e00_0;
    %assign/vec4 v0x562d1d1b9710_0, 0;
    %load/vec4 v0x562d1d1b8d60_0;
    %assign/vec4 v0x562d1d1b9650_0, 0;
    %jmp T_13;
    .thread T_13;
# The file index is used to find the file name in the following table.
:file_names 4;
    "N/A";
    "<interactive>";
    "-";
    "new_alu.sv";
