#! /usr/bin/vvp
:ivl_version "11.0 (stable)";
:ivl_delay_selection "TYPICAL";
:vpi_time_precision + 0;
:vpi_module "/usr/lib/x86_64-linux-gnu/ivl/system.vpi";
:vpi_module "/usr/lib/x86_64-linux-gnu/ivl/vhdl_sys.vpi";
:vpi_module "/usr/lib/x86_64-linux-gnu/ivl/vhdl_textio.vpi";
:vpi_module "/usr/lib/x86_64-linux-gnu/ivl/v2005_math.vpi";
:vpi_module "/usr/lib/x86_64-linux-gnu/ivl/va_math.vpi";
:vpi_module "/usr/lib/x86_64-linux-gnu/ivl/v2009.vpi";
S_0x5584fd71ec80 .scope package, "$unit" "$unit" 2 1;
 .timescale 0 0;
S_0x5584fd71ee10 .scope module, "new_alu" "new_alu" 3 6;
 .timescale 0 0;
    .port_info 0 /INPUT 4 "i_op";
    .port_info 1 /INPUT 8 "i_arg_A";
    .port_info 2 /INPUT 8 "i_arg_B";
    .port_info 3 /INPUT 1 "i_clk";
    .port_info 4 /INPUT 1 "i_reset";
    .port_info 5 /OUTPUT 8 "o_result";
    .port_info 6 /OUTPUT 4 "o_status";
P_0x5584fd6dca60 .param/l "K" 0 3 13, +C4<00000000000000000000000000001000>;
P_0x5584fd6dcaa0 .param/l "M" 0 3 12, +C4<00000000000000000000000000001000>;
P_0x5584fd6dcae0 .param/l "N" 0 3 11, +C4<00000000000000000000000000000100>;
v0x5584fd750550_0 .net "M_addition_result", 7 0, v0x5584fd722ea0_0;  1 drivers
v0x5584fd750630_0 .net "M_addition_status", 3 0, v0x5584fd74ea70_0;  1 drivers
v0x5584fd750700_0 .net "M_division_result", 7 0, v0x5584fd74f120_0;  1 drivers
v0x5584fd750800_0 .net "M_division_status", 3 0, v0x5584fd74f220_0;  1 drivers
v0x5584fd7508d0_0 .net "M_right_shift_result", 7 0, v0x5584fd74f900_0;  1 drivers
v0x5584fd7509c0_0 .net "M_right_shift_status", 3 0, v0x5584fd74fa00_0;  1 drivers
v0x5584fd750a90_0 .net "M_zm_to_u2_result", 7 0, v0x5584fd750130_0;  1 drivers
v0x5584fd750b60_0 .net "M_zm_to_u2_status", 3 0, v0x5584fd750230_0;  1 drivers
v0x5584fd750c30_0 .var "cache_result", 7 0;
v0x5584fd750cd0_0 .var "cache_status", 3 0;
o0x7f0f828800d8 .functor BUFZ 8, C4<zzzzzzzz>; HiZ drive
v0x5584fd750db0_0 .net "i_arg_A", 7 0, o0x7f0f828800d8;  0 drivers
o0x7f0f82880108 .functor BUFZ 8, C4<zzzzzzzz>; HiZ drive
v0x5584fd750f00_0 .net "i_arg_B", 7 0, o0x7f0f82880108;  0 drivers
o0x7f0f828805b8 .functor BUFZ 1, C4<z>; HiZ drive
v0x5584fd751050_0 .net "i_clk", 0 0, o0x7f0f828805b8;  0 drivers
o0x7f0f828805e8 .functor BUFZ 4, C4<zzzz>; HiZ drive
v0x5584fd751110_0 .net "i_op", 3 0, o0x7f0f828805e8;  0 drivers
o0x7f0f82880618 .functor BUFZ 1, C4<z>; HiZ drive
v0x5584fd7511f0_0 .net "i_reset", 0 0, o0x7f0f82880618;  0 drivers
v0x5584fd7512b0_0 .var "o_result", 7 0;
v0x5584fd751390_0 .var "o_status", 3 0;
E_0x5584fd714930 .event posedge, v0x5584fd751050_0;
E_0x5584fd6ff370/0 .event edge, v0x5584fd751110_0, v0x5584fd751110_0, v0x5584fd74fa00_0, v0x5584fd74f900_0;
E_0x5584fd6ff370/1 .event edge, v0x5584fd74ea70_0, v0x5584fd722ea0_0, v0x5584fd74f220_0, v0x5584fd74f120_0;
E_0x5584fd6ff370/2 .event edge, v0x5584fd750230_0, v0x5584fd750130_0, v0x5584fd7511f0_0;
E_0x5584fd6ff370 .event/or E_0x5584fd6ff370/0, E_0x5584fd6ff370/1, E_0x5584fd6ff370/2;
S_0x5584fd728810 .scope module, "mod_addition_1" "addition_1" 3 34, 4 1 0, S_0x5584fd71ee10;
 .timescale 0 0;
    .port_info 0 /INPUT 8 "i_arg_A";
    .port_info 1 /INPUT 8 "i_arg_B";
    .port_info 2 /OUTPUT 4 "cache_status";
    .port_info 3 /OUTPUT 8 "cache_result";
P_0x5584fd708f10 .param/l "K" 0 4 3, +C4<00000000000000000000000000001000>;
P_0x5584fd708f50 .param/l "M" 0 4 2, +C4<00000000000000000000000000001000>;
v0x5584fd729500_0 .var "cache", 8 0;
v0x5584fd729680_0 .var "cache_B", 7 0;
v0x5584fd722ea0_0 .var "cache_result", 7 0;
v0x5584fd74ea70_0 .var "cache_status", 3 0;
v0x5584fd74eb50_0 .net "i_arg_A", 7 0, o0x7f0f828800d8;  alias, 0 drivers
v0x5584fd74ec80_0 .net "i_arg_B", 7 0, o0x7f0f82880108;  alias, 0 drivers
E_0x5584fd70f860/0 .event edge, v0x5584fd74ec80_0, v0x5584fd74eb50_0, v0x5584fd729680_0, v0x5584fd74eb50_0;
E_0x5584fd70f860/1 .event edge, v0x5584fd729500_0, v0x5584fd729500_0, v0x5584fd74eb50_0, v0x5584fd729680_0;
E_0x5584fd70f860/2 .event edge, v0x5584fd729500_0;
E_0x5584fd70f860 .event/or E_0x5584fd70f860/0, E_0x5584fd70f860/1, E_0x5584fd70f860/2;
S_0x5584fd74ede0 .scope module, "mod_division_1" "division_1" 3 35, 5 1 0, S_0x5584fd71ee10;
 .timescale 0 0;
    .port_info 0 /INPUT 8 "i_arg_A";
    .port_info 1 /INPUT 8 "i_arg_B";
    .port_info 2 /OUTPUT 4 "cache_status";
    .port_info 3 /OUTPUT 8 "cache_result";
P_0x5584fd70d7f0 .param/l "K" 0 5 3, +C4<00000000000000000000000000001000>;
P_0x5584fd70d830 .param/l "M" 0 5 2, +C4<00000000000000000000000000001000>;
v0x5584fd74f120_0 .var "cache_result", 7 0;
v0x5584fd74f220_0 .var "cache_status", 3 0;
v0x5584fd74f300_0 .net "i_arg_A", 7 0, o0x7f0f828800d8;  alias, 0 drivers
v0x5584fd74f400_0 .net "i_arg_B", 7 0, o0x7f0f82880108;  alias, 0 drivers
E_0x5584fd70f960/0 .event edge, v0x5584fd74ec80_0, v0x5584fd74eb50_0, v0x5584fd74ec80_0, v0x5584fd74eb50_0;
E_0x5584fd70f960/1 .event edge, v0x5584fd74ec80_0;
E_0x5584fd70f960 .event/or E_0x5584fd70f960/0, E_0x5584fd70f960/1;
S_0x5584fd74f560 .scope module, "mod_right_shift_1" "right_shift_1" 3 36, 6 1 0, S_0x5584fd71ee10;
 .timescale 0 0;
    .port_info 0 /INPUT 8 "i_arg_A";
    .port_info 1 /INPUT 8 "i_arg_B";
    .port_info 2 /OUTPUT 4 "cache_status";
    .port_info 3 /OUTPUT 8 "cache_result";
P_0x5584fd70d350 .param/l "K" 0 6 3, +C4<00000000000000000000000000001000>;
P_0x5584fd70d390 .param/l "M" 0 6 2, +C4<00000000000000000000000000001000>;
v0x5584fd74f900_0 .var "cache_result", 7 0;
v0x5584fd74fa00_0 .var "cache_status", 3 0;
v0x5584fd74fae0_0 .net "i_arg_A", 7 0, o0x7f0f828800d8;  alias, 0 drivers
v0x5584fd74fc00_0 .net "i_arg_B", 7 0, o0x7f0f82880108;  alias, 0 drivers
E_0x5584fd710460 .event edge, v0x5584fd74ec80_0, v0x5584fd74eb50_0, v0x5584fd74ec80_0;
S_0x5584fd74fd90 .scope module, "mod_zm_to_u2" "zm_to_u2" 3 37, 7 1 0, S_0x5584fd71ee10;
 .timescale 0 0;
    .port_info 0 /INPUT 8 "i_arg_A";
    .port_info 1 /INPUT 8 "i_arg_B";
    .port_info 2 /OUTPUT 4 "cache_status";
    .port_info 3 /OUTPUT 8 "cache_result";
P_0x5584fd70da30 .param/l "K" 0 7 3, +C4<00000000000000000000000000001000>;
P_0x5584fd70da70 .param/l "M" 0 7 2, +C4<00000000000000000000000000001000>;
v0x5584fd750130_0 .var "cache_result", 7 0;
v0x5584fd750230_0 .var "cache_status", 3 0;
v0x5584fd750310_0 .net "i_arg_A", 7 0, o0x7f0f828800d8;  alias, 0 drivers
v0x5584fd7503e0_0 .net "i_arg_B", 7 0, o0x7f0f82880108;  alias, 0 drivers
E_0x5584fd7500b0 .event edge, v0x5584fd74eb50_0, v0x5584fd74eb50_0, v0x5584fd74eb50_0;
    .scope S_0x5584fd728810;
T_0 ;
Ewait_0 .event/or E_0x5584fd70f860, E_0x0;
    %wait Ewait_0;
    %load/vec4 v0x5584fd74ec80_0;
    %inv;
    %store/vec4 v0x5584fd729680_0, 0, 8;
    %load/vec4 v0x5584fd74eb50_0;
    %parti/s 1, 7, 4;
    %pad/u 32;
    %pushi/vec4 0, 0, 32;
    %cmp/e;
    %flag_get/vec4 4;
    %load/vec4 v0x5584fd729680_0;
    %parti/s 1, 7, 4;
    %pad/u 32;
    %pushi/vec4 0, 0, 32;
    %cmp/e;
    %flag_get/vec4 4;
    %and;
    %flag_set/vec4 8;
    %jmp/0xz  T_0.0, 8;
    %load/vec4 v0x5584fd74eb50_0;
    %pad/u 9;
    %load/vec4 v0x5584fd729680_0;
    %pad/u 9;
    %add;
    %store/vec4 v0x5584fd729500_0, 0, 9;
    %load/vec4 v0x5584fd729500_0;
    %parti/s 1, 7, 4;
    %pad/u 32;
    %cmpi/e 1, 0, 32;
    %jmp/0xz  T_0.2, 4;
    %pushi/vec4 9, 0, 4;
    %store/vec4 v0x5584fd74ea70_0, 0, 4;
    %pushi/vec4 255, 255, 8;
    %store/vec4 v0x5584fd722ea0_0, 0, 8;
    %jmp T_0.3;
T_0.2 ;
    %load/vec4 v0x5584fd729500_0;
    %parti/s 8, 0, 2;
    %store/vec4 v0x5584fd722ea0_0, 0, 8;
T_0.3 ;
T_0.0 ;
    %load/vec4 v0x5584fd74eb50_0;
    %parti/s 1, 7, 4;
    %pad/u 32;
    %pushi/vec4 0, 0, 32;
    %cmp/e;
    %flag_get/vec4 4;
    %load/vec4 v0x5584fd729680_0;
    %parti/s 1, 7, 4;
    %pad/u 32;
    %pushi/vec4 1, 0, 32;
    %cmp/e;
    %flag_get/vec4 4;
    %and;
    %flag_set/vec4 8;
    %jmp/0xz  T_0.4, 8;
    %load/vec4 v0x5584fd729680_0;
    %parti/s 7, 0, 2;
    %load/vec4 v0x5584fd74eb50_0;
    %parti/s 7, 0, 2;
    %cmp/u;
    %jmp/0xz  T_0.6, 5;
    %pushi/vec4 0, 0, 1;
    %load/vec4 v0x5584fd74eb50_0;
    %parti/s 7, 0, 2;
    %load/vec4 v0x5584fd729680_0;
    %parti/s 7, 0, 2;
    %sub;
    %concat/vec4; draw_concat_vec4
    %store/vec4 v0x5584fd722ea0_0, 0, 8;
    %jmp T_0.7;
T_0.6 ;
    %pushi/vec4 1, 0, 1;
    %load/vec4 v0x5584fd729680_0;
    %parti/s 7, 0, 2;
    %load/vec4 v0x5584fd74eb50_0;
    %parti/s 7, 0, 2;
    %sub;
    %concat/vec4; draw_concat_vec4
    %store/vec4 v0x5584fd722ea0_0, 0, 8;
T_0.7 ;
T_0.4 ;
    %load/vec4 v0x5584fd74eb50_0;
    %parti/s 1, 7, 4;
    %pad/u 32;
    %pushi/vec4 1, 0, 32;
    %cmp/e;
    %flag_get/vec4 4;
    %load/vec4 v0x5584fd729680_0;
    %parti/s 1, 7, 4;
    %pad/u 32;
    %pushi/vec4 0, 0, 32;
    %cmp/e;
    %flag_get/vec4 4;
    %and;
    %flag_set/vec4 8;
    %jmp/0xz  T_0.8, 8;
    %load/vec4 v0x5584fd729680_0;
    %parti/s 7, 0, 2;
    %load/vec4 v0x5584fd74eb50_0;
    %parti/s 7, 0, 2;
    %cmp/u;
    %jmp/0xz  T_0.10, 5;
    %pushi/vec4 1, 0, 1;
    %load/vec4 v0x5584fd74eb50_0;
    %parti/s 7, 0, 2;
    %load/vec4 v0x5584fd729680_0;
    %parti/s 7, 0, 2;
    %sub;
    %concat/vec4; draw_concat_vec4
    %store/vec4 v0x5584fd722ea0_0, 0, 8;
    %jmp T_0.11;
T_0.10 ;
    %pushi/vec4 0, 0, 1;
    %load/vec4 v0x5584fd729680_0;
    %parti/s 7, 0, 2;
    %load/vec4 v0x5584fd74eb50_0;
    %parti/s 7, 0, 2;
    %sub;
    %concat/vec4; draw_concat_vec4
    %store/vec4 v0x5584fd722ea0_0, 0, 8;
T_0.11 ;
T_0.8 ;
    %load/vec4 v0x5584fd74eb50_0;
    %parti/s 1, 7, 4;
    %pad/u 32;
    %pushi/vec4 1, 0, 32;
    %cmp/e;
    %flag_get/vec4 4;
    %load/vec4 v0x5584fd729680_0;
    %parti/s 1, 7, 4;
    %pad/u 32;
    %pushi/vec4 1, 0, 32;
    %cmp/e;
    %flag_get/vec4 4;
    %and;
    %flag_set/vec4 8;
    %jmp/0xz  T_0.12, 8;
    %load/vec4 v0x5584fd74eb50_0;
    %parti/s 7, 0, 2;
    %pad/u 9;
    %load/vec4 v0x5584fd729680_0;
    %parti/s 7, 0, 2;
    %pad/u 9;
    %add;
    %store/vec4 v0x5584fd729500_0, 0, 9;
    %load/vec4 v0x5584fd729500_0;
    %parti/s 1, 7, 4;
    %pad/u 32;
    %cmpi/e 1, 0, 32;
    %jmp/0xz  T_0.14, 4;
    %pushi/vec4 9, 0, 4;
    %store/vec4 v0x5584fd74ea70_0, 0, 4;
    %pushi/vec4 255, 255, 8;
    %store/vec4 v0x5584fd722ea0_0, 0, 8;
    %jmp T_0.15;
T_0.14 ;
    %pushi/vec4 1, 0, 1;
    %load/vec4 v0x5584fd729500_0;
    %parti/s 7, 0, 2;
    %concat/vec4; draw_concat_vec4
    %store/vec4 v0x5584fd722ea0_0, 0, 8;
T_0.15 ;
T_0.12 ;
    %jmp T_0;
    .thread T_0, $push;
    .scope S_0x5584fd74ede0;
T_1 ;
Ewait_1 .event/or E_0x5584fd70f960, E_0x0;
    %wait Ewait_1;
    %load/vec4 v0x5584fd74f400_0;
    %cmpi/e 0, 0, 8;
    %jmp/0xz  T_1.0, 4;
    %pushi/vec4 8, 0, 4;
    %store/vec4 v0x5584fd74f220_0, 0, 4;
    %pushi/vec4 255, 255, 8;
    %store/vec4 v0x5584fd74f120_0, 0, 8;
    %jmp T_1.1;
T_1.0 ;
    %load/vec4 v0x5584fd74f300_0;
    %parti/s 1, 7, 4;
    %load/vec4 v0x5584fd74f400_0;
    %parti/s 1, 7, 4;
    %xor;
    %load/vec4 v0x5584fd74f300_0;
    %parti/s 7, 0, 2;
    %load/vec4 v0x5584fd74f400_0;
    %parti/s 7, 0, 2;
    %div;
    %concat/vec4; draw_concat_vec4
    %store/vec4 v0x5584fd74f120_0, 0, 8;
T_1.1 ;
    %jmp T_1;
    .thread T_1, $push;
    .scope S_0x5584fd74f560;
T_2 ;
Ewait_2 .event/or E_0x5584fd710460, E_0x0;
    %wait Ewait_2;
    %load/vec4 v0x5584fd74fc00_0;
    %parti/s 1, 7, 4;
    %pad/u 32;
    %cmpi/e 0, 0, 32;
    %jmp/0xz  T_2.0, 4;
    %pushi/vec4 8, 0, 4;
    %store/vec4 v0x5584fd74fa00_0, 0, 4;
    %pushi/vec4 255, 255, 8;
    %store/vec4 v0x5584fd74f900_0, 0, 8;
    %jmp T_2.1;
T_2.0 ;
    %load/vec4 v0x5584fd74fae0_0;
    %load/vec4 v0x5584fd74fc00_0;
    %inv;
    %ix/vec4 4;
    %shiftr 4;
    %store/vec4 v0x5584fd74f900_0, 0, 8;
T_2.1 ;
    %jmp T_2;
    .thread T_2, $push;
    .scope S_0x5584fd74fd90;
T_3 ;
Ewait_3 .event/or E_0x5584fd7500b0, E_0x0;
    %wait Ewait_3;
    %load/vec4 v0x5584fd750310_0;
    %parti/s 1, 7, 4;
    %pad/u 32;
    %cmpi/e 0, 0, 32;
    %jmp/0xz  T_3.0, 4;
    %load/vec4 v0x5584fd750310_0;
    %store/vec4 v0x5584fd750130_0, 0, 8;
    %jmp T_3.1;
T_3.0 ;
    %pushi/vec4 1, 0, 1;
    %load/vec4 v0x5584fd750310_0;
    %parti/s 7, 0, 2;
    %inv;
    %addi 1, 0, 7;
    %concat/vec4; draw_concat_vec4
    %store/vec4 v0x5584fd750130_0, 0, 8;
T_3.1 ;
    %jmp T_3;
    .thread T_3, $push;
    .scope S_0x5584fd71ee10;
T_4 ;
Ewait_4 .event/or E_0x5584fd6ff370, E_0x0;
    %wait Ewait_4;
    %pushi/vec4 0, 0, 4;
    %store/vec4 v0x5584fd750cd0_0, 0, 4;
    %pushi/vec4 0, 0, 8;
    %store/vec4 v0x5584fd750c30_0, 0, 8;
    %load/vec4 v0x5584fd751110_0;
    %parti/s 2, 2, 3;
    %dup/vec4;
    %pushi/vec4 0, 0, 2;
    %cmp/u;
    %jmp/1 T_4.0, 6;
    %jmp T_4.1;
T_4.0 ;
    %load/vec4 v0x5584fd751110_0;
    %parti/s 2, 0, 2;
    %dup/vec4;
    %pushi/vec4 0, 0, 2;
    %cmp/u;
    %jmp/1 T_4.2, 6;
    %dup/vec4;
    %pushi/vec4 0, 0, 2;
    %cmp/u;
    %jmp/1 T_4.3, 6;
    %dup/vec4;
    %pushi/vec4 0, 0, 2;
    %cmp/u;
    %jmp/1 T_4.4, 6;
    %dup/vec4;
    %pushi/vec4 0, 0, 2;
    %cmp/u;
    %jmp/1 T_4.5, 6;
    %jmp T_4.6;
T_4.2 ;
    %load/vec4 v0x5584fd7509c0_0;
    %store/vec4 v0x5584fd750cd0_0, 0, 4;
    %load/vec4 v0x5584fd7508d0_0;
    %store/vec4 v0x5584fd750c30_0, 0, 8;
    %jmp T_4.6;
T_4.3 ;
    %load/vec4 v0x5584fd750630_0;
    %store/vec4 v0x5584fd750cd0_0, 0, 4;
    %load/vec4 v0x5584fd750550_0;
    %store/vec4 v0x5584fd750c30_0, 0, 8;
    %jmp T_4.6;
T_4.4 ;
    %load/vec4 v0x5584fd750800_0;
    %store/vec4 v0x5584fd750cd0_0, 0, 4;
    %load/vec4 v0x5584fd750700_0;
    %store/vec4 v0x5584fd750c30_0, 0, 8;
    %jmp T_4.6;
T_4.5 ;
    %load/vec4 v0x5584fd750b60_0;
    %store/vec4 v0x5584fd750cd0_0, 0, 4;
    %load/vec4 v0x5584fd750a90_0;
    %store/vec4 v0x5584fd750c30_0, 0, 8;
    %jmp T_4.6;
T_4.6 ;
    %pop/vec4 1;
    %jmp T_4.1;
T_4.1 ;
    %pop/vec4 1;
    %load/vec4 v0x5584fd750c30_0;
    %cmpi/e 0, 0, 8;
    %jmp/0xz  T_4.7, 4;
    %pushi/vec4 1, 0, 1;
    %ix/load 4, 1, 0;
    %flag_set/imm 4, 0;
    %store/vec4 v0x5584fd750cd0_0, 4, 1;
T_4.7 ;
    %load/vec4 v0x5584fd750c30_0;
    %xor/r;
    %cmpi/e 1, 0, 1;
    %jmp/0xz  T_4.9, 4;
    %pushi/vec4 1, 0, 1;
    %ix/load 4, 2, 0;
    %flag_set/imm 4, 0;
    %store/vec4 v0x5584fd750cd0_0, 4, 1;
T_4.9 ;
    %load/vec4 v0x5584fd7511f0_0;
    %cmpi/e 0, 0, 1;
    %jmp/0xz  T_4.11, 4;
    %pushi/vec4 0, 0, 4;
    %store/vec4 v0x5584fd750cd0_0, 0, 4;
    %pushi/vec4 0, 0, 8;
    %store/vec4 v0x5584fd750c30_0, 0, 8;
T_4.11 ;
    %jmp T_4;
    .thread T_4, $push;
    .scope S_0x5584fd71ee10;
T_5 ;
    %wait E_0x5584fd714930;
    %load/vec4 v0x5584fd750c30_0;
    %assign/vec4 v0x5584fd7512b0_0, 0;
    %load/vec4 v0x5584fd750cd0_0;
    %assign/vec4 v0x5584fd751390_0, 0;
    %jmp T_5;
    .thread T_5;
# The file index is used to find the file name in the following table.
:file_names 8;
    "N/A";
    "<interactive>";
    "-";
    "new_alu.sv";
    "././../SUBMODULES/MACIEK/addition.sv";
    "././../SUBMODULES/MACIEK/division.sv";
    "././../SUBMODULES/MACIEK/right_shift.sv";
    "././../SUBMODULES/MACIEK/zm_to_u2.sv";
